<?xml version="1.0" encoding="UTF-8"?>
<!-- Generated by org.testng.reporters.JUnitXMLReporter -->
<testsuite ignored="0" hostname="DESKTOP-PFP4MQQ" failures="1" tests="1" name="Test" time="13.945" errors="0" timestamp="2024-03-11T13:07:15 IST">
  <testcase classname="com.blazedemo.tests.BlazeDemoEndToEndTest" name="verifyHomePageTitle" time="0.051">
    <failure type="java.lang.NullPointerException">
      <![CDATA[java.lang.NullPointerException
at org.openqa.selenium.support.pagefactory.DefaultElementLocator.findElement(DefaultElementLocator.java:68)
at org.openqa.selenium.support.pagefactory.internal.LocatingElementHandler.invoke(LocatingElementHandler.java:38)
at com.sun.proxy.$Proxy12.getText(Unknown Source)
at com.blazedemo.pageElements.BlazedemoHomePage.getHomePageTitle(BlazedemoHomePage.java:54)
at com.blazedemo.tests.BlazeDemoEndToEndTest.verifyHomePageTitle(BlazeDemoEndToEndTest.java:48)
at java.base/java.util.ArrayList.forEach(ArrayList.java:1541)
... Removed 27 stack frames]]>
    </failure>
  </testcase> <!-- verifyHomePageTitle -->
</testsuite> <!-- Test -->
